Tut 2/Sushi-Shooter-master/app/build/outputs/logs/manifest-merger-debug-report.txt
-- Merging decision tree log ---
manifest
ADDED from src\main\AndroidManifest.xml:2:1-64:12
	package
		ADDED from src\main\AndroidManifest.xml:3:2-38
		INJECTED from src\main\AndroidManifest.xml
		INJECTED from src\main\AndroidManifest.xml
	android:versionName
		ADDED from src\main\AndroidManifest.xml:6:2-28
		INJECTED from src\main\AndroidManifest.xml
		INJECTED from src\main\AndroidManifest.xml
	android:versionCode
		ADDED from src\main\AndroidManifest.xml:5:2-26
		INJECTED from src\main\AndroidManifest.xml
		INJECTED from src\main\AndroidManifest.xml
	xmlns:android
		ADDED from src\main\AndroidManifest.xml:2:11-69
	android:installLocation
		ADDED from src\main\AndroidManifest.xml:4:2-42
supports-screens
ADDED from src\main\AndroidManifest.xml:8:2-12:33
	android:largeScreens
		ADDED from src\main\AndroidManifest.xml:10:3-30
	android:smallScreens
		ADDED from src\main\AndroidManifest.xml:12:3-30
	android:normalScreens
		ADDED from src\main\AndroidManifest.xml:11:3-31
	android:anyDensity
		ADDED from src\main\AndroidManifest.xml:9:3-28
uses-permission#android.permission.READ_PHONE_STATE
ADDED from src\main\AndroidManifest.xml:14:2-72
	android:name
		ADDED from src\main\AndroidManifest.xml:14:19-69
uses-permission#android.permission.INTERNET
ADDED from src\main\AndroidManifest.xml:15:2-64
	android:name
		ADDED from src\main\AndroidManifest.xml:15:19-61
uses-permission#android.permission.ACCESS_COARSE_LOCATION
ADDED from src\main\AndroidManifest.xml:16:2-18:30
	android:required
		ADDED from src\main\AndroidManifest.xml:18:3-27
	android:name
		ADDED from src\main\AndroidManifest.xml:17:3-59
uses-permission#android.permission.ACCESS_FINE_LOCATION
ADDED from src\main\AndroidManifest.xml:19:2-21:30
	android:required
		ADDED from src\main\AndroidManifest.xml:21:3-27
	android:name
		ADDED from src\main\AndroidManifest.xml:20:3-57
uses-permission#android.permission.ACCESS_MOCK_LOCATION
ADDED from src\main\AndroidManifest.xml:22:2-24:30
	android:required
		ADDED from src\main\AndroidManifest.xml:24:3-27
	android:name
		ADDED from src\main\AndroidManifest.xml:23:3-57
uses-permission#android.permission.ACCESS_NETWORK_STATE
ADDED from src\main\AndroidManifest.xml:25:2-27:30
	android:required
		ADDED from src\main\AndroidManifest.xml:27:3-27
	android:name
		ADDED from src\main\AndroidManifest.xml:26:3-57
uses-permission#android.permission.WAKE_LOCK
ADDED from src\main\AndroidManifest.xml:28:2-65
	android:name
		ADDED from src\main\AndroidManifest.xml:28:19-62
uses-permission#android.permission.SET_ORIENTATION
ADDED from src\main\AndroidManifest.xml:29:2-71
	android:name
		ADDED from src\main\AndroidManifest.xml:29:19-68
uses-permission#android.permission.WRITE_SETTINGS
ADDED from src\main\AndroidManifest.xml:30:2-70
	android:name
		ADDED from src\main\AndroidManifest.xml:30:19-67
application
ADDED from src\main\AndroidManifest.xml:32:2-62:16
	android:label
		ADDED from src\main\AndroidManifest.xml:34:3-35
	android:icon
		ADDED from src\main\AndroidManifest.xml:33:3-32
receiver#com.sessionm.TransactionReceiver
ADDED from src\main\AndroidManifest.xml:35:3-42:14
	android:enabled
		ADDED from src\main\AndroidManifest.xml:37:4-26
	android:exported
		ADDED from src\main\AndroidManifest.xml:38:4-27
	android:name
		ADDED from src\main\AndroidManifest.xml:36:4-51
intent-filter#com.android.vending.INSTALL_REFERRER
ADDED from src\main\AndroidManifest.xml:39:4-41:20
action#com.android.vending.INSTALL_REFERRER
ADDED from src\main\AndroidManifest.xml:40:5-67
	android:name
		ADDED from src\main\AndroidManifest.xml:40:13-64
activity#net.gamecloud.sushishooter.FrozenBubble
ADDED from src\main\AndroidManifest.xml:44:3-61:14
	android:screenOrientation
		ADDED from src\main\AndroidManifest.xml:50:4-40
	android:label
		ADDED from src\main\AndroidManifest.xml:48:4-36
	android:launchMode
		ADDED from src\main\AndroidManifest.xml:49:4-39
	android:configChanges
		ADDED from src\main\AndroidManifest.xml:47:4-48
	android:alwaysRetainTaskState
		ADDED from src\main\AndroidManifest.xml:46:4-40
	android:name
		ADDED from src\main\AndroidManifest.xml:45:4-58
intent-filter#android.intent.action.MAIN+android.intent.category.LAUNCHER
ADDED from src\main\AndroidManifest.xml:51:4-55:20
action#android.intent.action.MAIN
ADDED from src\main\AndroidManifest.xml:52:5-57
	android:name
		ADDED from src\main\AndroidManifest.xml:52:13-54
category#android.intent.category.LAUNCHER
ADDED from src\main\AndroidManifest.xml:54:5-65
	android:name
		ADDED from src\main\AndroidManifest.xml:54:15-62
intent-filter#android.intent.category.DEFAULT+net.gamecloud.sushishooter.GAME
ADDED from src\main\AndroidManifest.xml:56:4-60:20
action#net.gamecloud.sushishooter.GAME
ADDED from src\main\AndroidManifest.xml:57:5-62
	android:name
		ADDED from src\main\AndroidManifest.xml:57:13-59
category#android.intent.category.DEFAULT
ADDED from src\main\AndroidManifest.xml:59:5-64
	android:name
		ADDED from src\main\AndroidManifest.xml:59:15-61